Unity Editor version:    2020.3.17f1 (a4537701e4ab)
Branch:                  2020.3/staging
Build type:              Release
Batch mode:              YES
macOS version:           Version 11.2.3 (Build 20D91)
Darwin version:          20.3.0
Architecture:            x86_64
Running under Rosetta:   NO
Available memory:        16384 MB
Using pre-set license
Pro License: NO

COMMAND LINE ARGUMENTS:
/Applications/Unity/Unity.app/Contents/MacOS/Unity
-adb2
-batchMode
-noUpm
-name
AssetImportWorker1
-projectPath
/Users/tingqievelynfan/Desktop/SP21-EGAM202-Evelyn-3DSurvival
-logFile
Logs/AssetImportWorker1.log
-srvPort
58173
Successfully changed project path to: /Users/tingqievelynfan/Desktop/SP21-EGAM202-Evelyn-3DSurvival
/Users/tingqievelynfan/Desktop/SP21-EGAM202-Evelyn-3DSurvival
Using Asset Import Pipeline V2.
Refreshing native plugins compatible for Editor in 61.74 ms, found 2 plugins.
Preloading 0 native plugins for Editor in 0.00 ms.
Initialize engine version: 2020.3.17f1 (a4537701e4ab)
[Subsystems] Discovering subsystems at path /Applications/Unity/Unity.app/Contents/Resources/UnitySubsystems
[Subsystems] Discovering subsystems at path /Users/tingqievelynfan/Desktop/SP21-EGAM202-Evelyn-3DSurvival/Assets
GfxDevice: creating device client; threaded=0
2021-10-09 13:04:10.729 Unity[36560:11149304] Color LCD preferred device: AMD Radeon Pro 5500M (high power)
2021-10-09 13:04:10.729 Unity[36560:11149304] Metal devices available: 2
2021-10-09 13:04:10.730 Unity[36560:11149304] 0: AMD Radeon Pro 5500M (high power)
2021-10-09 13:04:10.730 Unity[36560:11149304] 1: Intel(R) UHD Graphics 630 (low power)
2021-10-09 13:04:10.730 Unity[36560:11149304] Using device AMD Radeon Pro 5500M (high power)
Initializing Metal device caps: AMD Radeon Pro 5500M
Initialize mono
Mono path[0] = '/Applications/Unity/Unity.app/Contents/Managed'
Mono path[1] = '/Applications/Unity/Unity.app/Contents/MonoBleedingEdge/lib/mono/unityjit'
Mono config path = '/Applications/Unity/Unity.app/Contents/MonoBleedingEdge/etc'
Using monoOptions --debugger-agent=transport=dt_socket,embedding=1,server=y,suspend=n,address=127.0.0.1:56560
Begin MonoManager ReloadAssembly
Registering precompiled unity dll's ...
Register platform support module: /Applications/Unity/Unity.app/Contents/PlaybackEngines/MacStandaloneSupport/UnityEditor.OSXStandalone.Extensions.dll
Registered in 0.002234 seconds.
Native extension for OSXStandalone target not found
Refreshing native plugins compatible for Editor in 26.77 ms, found 2 plugins.
Preloading 0 native plugins for Editor in 0.00 ms.
Mono: successfully reloaded assembly
- Completed reload, in  2.915 seconds
Domain Reload Profiling:
	ReloadAssembly (2915ms)
		BeginReloadAssembly (87ms)
			ExecutionOrderSort (0ms)
			DisableScriptedObjects (0ms)
			BackupInstance (0ms)
			ReleaseScriptingObjects (0ms)
			CreateAndSetChildDomain (2ms)
		EndReloadAssembly (516ms)
			LoadAssemblies (86ms)
			RebuildTransferFunctionScriptingTraits (1ms)
			SetupTypeCache (197ms)
			ReleaseScriptCaches (0ms)
			RebuildScriptCaches (45ms)
			SetupLoadedEditorAssemblies (212ms)
				LogAssemblyErrors (0ms)
				InitializePlatformSupportModulesInManaged (5ms)
				SetLoadedEditorAssemblies (0ms)
				RefreshPlugins (27ms)
				BeforeProcessingInitializeOnLoad (12ms)
				ProcessInitializeOnLoadAttributes (126ms)
				ProcessInitializeOnLoadMethodAttributes (41ms)
				AfterProcessingInitializeOnLoad (0ms)
				EditorAssembliesLoaded (0ms)
			ExecutionOrderSort2 (0ms)
			AwakeInstancesAfterBackupRestoration (0ms)
Platform modules already initialized, skipping
Registering precompiled user dll's ...
Registered in 0.007061 seconds.
Begin MonoManager ReloadAssembly
Native extension for OSXStandalone target not found
Refreshing native plugins compatible for Editor in 0.29 ms, found 2 plugins.
Preloading 0 native plugins for Editor in 0.00 ms.
Mono: successfully reloaded assembly
- Completed reload, in  1.283 seconds
Domain Reload Profiling:
	ReloadAssembly (1283ms)
		BeginReloadAssembly (163ms)
			ExecutionOrderSort (0ms)
			DisableScriptedObjects (5ms)
			BackupInstance (0ms)
			ReleaseScriptingObjects (0ms)
			CreateAndSetChildDomain (34ms)
		EndReloadAssembly (1053ms)
			LoadAssemblies (92ms)
			RebuildTransferFunctionScriptingTraits (0ms)
			SetupTypeCache (340ms)
			ReleaseScriptCaches (0ms)
			RebuildScriptCaches (61ms)
			SetupLoadedEditorAssemblies (423ms)
				LogAssemblyErrors (0ms)
				InitializePlatformSupportModulesInManaged (6ms)
				SetLoadedEditorAssemblies (0ms)
				RefreshPlugins (0ms)
				BeforeProcessingInitializeOnLoad (52ms)
				ProcessInitializeOnLoadAttributes (358ms)
				ProcessInitializeOnLoadMethodAttributes (5ms)
				AfterProcessingInitializeOnLoad (1ms)
				EditorAssembliesLoaded (0ms)
			ExecutionOrderSort2 (0ms)
			AwakeInstancesAfterBackupRestoration (8ms)
Platform modules already initialized, skipping
Validating Project structure ... 0.000887 seconds.
Shader import version has changed; will reimport all shaders...
Upgrading shader files ...0.000882 seconds.
Application.AssetDatabase Initial Script Refresh Start
RefreshInfo: InitialScriptRefreshV2(NoUpdateAssetOptions) scanfilter:  ... 1 filters
RefreshProfiler: Total: 0.000ms
Application.AssetDatabase Initial Script Refresh End
Application.AssetDatabase.Refresh Start
Application.AssetDatabase.Refresh End
RefreshInfo: StopAssetImportingV2(ForceSynchronousImport) scanfilter: 
RefreshProfiler: Total: 0.000ms
Launching external process: /Applications/Unity/Unity.app/Contents/Tools/UnityShaderCompiler
Launched and connected shader compiler UnityShaderCompiler after 0.13 seconds
Initializing Unity extensions:
[C# Project] Writing /Users/tingqievelynfan/Desktop/SP21-EGAM202-Evelyn-3DSurvival/SP21-EGAM202-Evelyn-3DSurvival.sln because it has changed
[C# Project] First difference on line 2

[C# Project] Current /Users/tingqievelynfan/Desktop/SP21-EGAM202-Evelyn-3DSurvival/SP21-EGAM202-Evelyn-3DSurvival.sln:
[C# Project]   002: Microsoft Visual Studio Solution File, Format Version 12.00
[C# Project]   003: # Visual Studio 15
[C# Project]   004: Project("{FAE04EC0-301F-11D3-BF4B-00C04F79EFBC}") = "Assembly-CSharp", "Assembly-CSharp.csproj", "{EA16E563-5702-99CB-FB51-7A0DDF17870B}"
[C# Project]   005: EndProject
[C# Project]   006: Global

[C# Project] New /Users/tingqievelynfan/Desktop/SP21-EGAM202-Evelyn-3DSurvival/SP21-EGAM202-Evelyn-3DSurvival.sln:
[C# Project]   002: Microsoft Visual Studio Solution File, Format Version 11.00
[C# Project]   003: # Visual Studio 2010
[C# Project]   004: Project("{FAE04EC0-301F-11D3-BF4B-00C04F79EFBC}") = "UnityEngine.TestRunner", "UnityEngine.TestRunner.csproj", "{4DB7694D-C19F-5AAD-AC37-6980B78AE962}"
[C# Project]   005: EndProject
[C# Project]   006: Project("{FAE04EC0-301F-11D3-BF4B-00C04F79EFBC}") = "UnityEngine.UI.Tests", "UnityEngine.UI.Tests.csproj", "{8990CE83-16D0-02C0-3E90-22A6B1B3497C}"
[C# Project] Writing /Users/tingqievelynfan/Desktop/SP21-EGAM202-Evelyn-3DSurvival/Assembly-CSharp.csproj because it has changed
[C# Project] First difference on line 5

[C# Project] Current /Users/tingqievelynfan/Desktop/SP21-EGAM202-Evelyn-3DSurvival/Assembly-CSharp.csproj:
[C# Project]   005:   </PropertyGroup>
[C# Project]   006:   <PropertyGroup>
[C# Project]   007:     <Configuration Condition=" '$(Configuration)' == '' ">Debug</Configuration>
[C# Project]   008:     <Platform Condition=" '$(Platform)' == '' ">AnyCPU</Platform>
[C# Project]   009:     <ProductVersion>10.0.20506</ProductVersion>

[C# Project] New /Users/tingqievelynfan/Desktop/SP21-EGAM202-Evelyn-3DSurvival/Assembly-CSharp.csproj:
[C# Project]   005:     <CscToolPath>/Applications/Unity/Unity.app/Contents/Tools/RoslynScripts</CscToolPath>
[C# Project]   006:     <CscToolExe>unity_csc.sh</CscToolExe>
[C# Project]   007:   </PropertyGroup>
[C# Project]   008:   <PropertyGroup>
[C# Project]   009:     <Configuration Condition=" '$(Configuration)' == '' ">Debug</Configuration>
========================================================================
Worker process is ready to serve import requests
Refreshing native plugins compatible for Editor in 0.30 ms, found 2 plugins.
Preloading 0 native plugins for Editor in 0.00 ms.
Unloading 1404 Unused Serialized files (Serialized files now loaded: 0)
System memory in use before: 175.2 MB.
System memory in use after: 175.1 MB.

Unloading 78 unused Assets to reduce memory usage. Loaded Objects now: 1894.
Total: 6.941518 ms (FindLiveObjects: 0.465569 ms CreateObjectMapping: 0.056735 ms MarkObjects: 6.276878 ms  DeleteObjects: 0.140782 ms)

AssetImportParameters requested are different than current active one (requested -> active):
  custom:video-decoder-ogg-theora: a1e56fd34408186e4bbccfd4996cb3dc -> 
  custom:container-muxer-webm: aa71ff27fc2769a1b78a27578f13a17b -> 
  custom:container-demuxer-webm: 4f35f7cbe854078d1ac9338744f61a02 -> 
  custom:container-demuxer-ogg: 62fdf1f143b41e24485cea50d1cbac27 -> 
  custom:video-encoder-webm-vp8: eb34c28f22e8b96e1ab97ce403110664 -> 
  custom:framework-osx-AVFoundation: e770b220cccbd017edd2c1fefb359320 -> 
  custom:video-decoder-webm-vp8: 9c59270c3fd7afecdb556c50c9e8de78 -> 
  custom:audio-decoder-ogg-vorbis: bf7c407c2cedff20999df2af8eb42d56 -> 
  custom:audio-encoder-webm-vorbis: bf7c407c2cedff20999df2af8eb42d56 -> 
========================================================================
Received Import Request.
  path: Assets/scripts/apple.cs
  artifactKey: Guid(be5207d0cc1c5407fac19c9af20473d8) Importer(815301076,1909f56bfc062723c751e8b465ee728b)
Start importing Assets/scripts/apple.cs using Guid(be5207d0cc1c5407fac19c9af20473d8) Importer(815301076,1909f56bfc062723c751e8b465ee728b)  -> (artifact id: 'e5adec7321ffca1c31d429a49c081db1') in 3.224524 seconds 
  Import took 3.228035 seconds .

AssetImportWorkerClient::OnTransportError - code=2 error=End of file
